Arguments: 
  /home/yahai/.nvm/versions/node/v18.15.0/bin/node /usr/share/yarn/bin/yarn.js

PATH: 
  /home/yahai/.nvm/versions/node/v18.15.0/bin:/usr/local/sbin:/usr/local/bin:/usr/sbin:/usr/bin:/sbin:/bin:/usr/games:/usr/local/games:/snap/bin:/snap/bin

Yarn version: 
  1.22.19

Node version: 
  18.15.0

Platform: 
  linux x64

Trace: 
  Error: connect ENETUNREACH 2606:4700::6810:1123:443 - Local (:::0)
      at internalConnect (node:net:1066:16)
      at defaultTriggerAsyncIdScope (node:internal/async_hooks:464:18)
      at emitLookup (node:net:1323:9)
      at /usr/share/yarn/lib/cli.js:103606:29
      at /usr/share/yarn/lib/cli.js:103452:25
      at module.exports.RawTask.call (/usr/share/yarn/lib/cli.js:79584:19)
      at flush (/usr/share/yarn/lib/cli.js:79666:29)
      at process.processTicksAndRejections (node:internal/process/task_queues:77:11)

npm manifest: 
  {
    "name": "storefront_backend",
    "version": "0.1.0",
    "description": "",
    "main": "server.ts",
    "scripts": {
      "start": "node src/server.ts",
      "watch": "tsc-watch --esModuleInterop src/server.ts --outDir ./dist --onSuccess \"node ./dist/server.js\"",
      "test": "jasmine-ts",
      "tsc": "tsc"
    },
    "author": "Udacity",
    "license": "ISC",
    "dependencies": {
      "express": "^4.17.1",
      "body-parser": "^1.19.0",
      "typescript": "^4.1.3",
      "pg": "^8.5.1"
    },
    "devDependencies": {
      "@types/express": "^4.17.9",
      "@types/jasmine": "^3.6.3",
      "@types/pg": "^7.14.7",
      "jasmine": "^3.6.4",
      "jasmine-spec-reporter": "^6.0.0",
      "jasmine-ts": "^0.3.0",
      "ts-node": "^9.1.1",
      "tsc-watch": "^4.2.9"
    }
  }

yarn manifest: 
  No manifest

Lockfile: 
  No lockfile
